# JRE version: OpenJDK Runtime Environment Corretto-21.0.4.7.1 (21.0.4+7) (build 21.0.4+7-LTS)
# Java VM: OpenJDK 64-Bit Server VM Corretto-21.0.4.7.1 (21.0.4+7-LTS, mixed mode, sharing, tiered, compressed oops, compressed class ptrs, g1 gc, windows-amd64)
GC Precious Log:
 CardTable entry size: 512
 Card Set container configuration: InlinePtr #cards 5 size 8 Array Of Cards #cards 12 size 40 Howl #buckets 4 coarsen threshold 1843 Howl Bitmap #cards 512 size 80 coarsen threshold 460 Card regions per heap region 1 cards per card region 2048
 CPUs: 12 total, 12 available
 Memory: 49005M
 Large Page Support: Disabled
 NUMA Support: Disabled
 Compressed Oops: Enabled (32-bit)
 Heap Region Size: 1M
 Heap Min Capacity: 256M
 Heap Initial Capacity: 256M
 Heap Max Capacity: 512M
 Pre-touch: Disabled
 Parallel Workers: 10
 Concurrent Workers: 3
 Concurrent Refinement Workers: 10
 Periodic GC: Disabled
Heap:
 garbage-first heap   total 321536K, used 309548K [0x00000000e0000000, 0x0000000100000000)
  region size 1024K, 170 young (174080K), 11 survivors (11264K)
 Metaspace       used 70639K, committed 72704K, reserved 393216K
  class space    used 9930K, committed 10944K, reserved 327680K
GC Heap History (19 events):
Event: 6.930 GC heap before
{Heap before GC invocations=0 (full 0):
 garbage-first heap   total 262144K, used 26624K [0x00000000e0000000, 0x0000000100000000)
  region size 1024K, 23 young (23552K), 0 survivors (0K)
 Metaspace       used 3252K, committed 3392K, reserved 393216K
  class space    used 416K, committed 448K, reserved 327680K
}
Event: 6.932 GC heap after
{Heap after GC invocations=1 (full 0):
 garbage-first heap   total 262144K, used 10853K [0x00000000e0000000, 0x0000000100000000)
  region size 1024K, 3 young (3072K), 3 survivors (3072K)
 Metaspace       used 3252K, committed 3392K, reserved 393216K
  class space    used 416K, committed 448K, reserved 327680K
}
Event: 9.687 GC heap before
{Heap before GC invocations=1 (full 0):
 garbage-first heap   total 262144K, used 40549K [0x00000000e0000000, 0x0000000100000000)
  region size 1024K, 32 young (32768K), 3 survivors (3072K)
 Metaspace       used 4151K, committed 4352K, reserved 393216K
  class space    used 508K, committed 640K, reserved 327680K
}
Event: 9.689 GC heap after
{Heap after GC invocations=2 (full 0):
 garbage-first heap   total 262144K, used 11541K [0x00000000e0000000, 0x0000000100000000)
  region size 1024K, 1 young (1024K), 1 survivors (1024K)
 Metaspace       used 4151K, committed 4352K, reserved 393216K
  class space    used 508K, committed 640K, reserved 327680K
}
Event: 12.457 GC heap before
{Heap before GC invocations=2 (full 0):
 garbage-first heap   total 262144K, used 117013K [0x00000000e0000000, 0x0000000100000000)
  region size 1024K, 105 young (107520K), 1 survivors (1024K)
 Metaspace       used 20836K, committed 21504K, reserved 393216K
  class space    used 3048K, committed 3392K, reserved 327680K
}
Event: 12.463 GC heap after
{Heap after GC invocations=3 (full 0):
 garbage-first heap   total 262144K, used 23217K [0x00000000e0000000, 0x0000000100000000)
  region size 1024K, 13 young (13312K), 13 survivors (13312K)
 Metaspace       used 20836K, committed 21504K, reserved 393216K
  class space    used 3048K, committed 3392K, reserved 327680K
}
Event: 13.485 GC heap before
{Heap before GC invocations=4 (full 0):
 garbage-first heap   total 262144K, used 126641K [0x00000000e0000000, 0x0000000100000000)
  region size 1024K, 116 young (118784K), 13 survivors (13312K)
 Metaspace       used 34725K, committed 35968K, reserved 393216K
  class space    used 4998K, committed 5632K, reserved 327680K
}
Event: 13.494 GC heap after
{Heap after GC invocations=5 (full 0):
 garbage-first heap   total 262144K, used 32083K [0x00000000e0000000, 0x0000000100000000)
  region size 1024K, 9 young (9216K), 9 survivors (9216K)
 Metaspace       used 34725K, committed 35968K, reserved 393216K
  class space    used 4998K, committed 5632K, reserved 327680K
}
Event: 13.516 GC heap before
{Heap before GC invocations=5 (full 0):
 garbage-first heap   total 262144K, used 40275K [0x00000000e0000000, 0x0000000100000000)
  region size 1024K, 13 young (13312K), 9 survivors (9216K)
 Metaspace       used 35078K, committed 36288K, reserved 393216K
  class space    used 5008K, committed 5632K, reserved 327680K
}
Event: 13.520 GC heap after
{Heap after GC invocations=6 (full 0):
 garbage-first heap   total 262144K, used 33921K [0x00000000e0000000, 0x0000000100000000)
  region size 1024K, 8 young (8192K), 8 survivors (8192K)
 Metaspace       used 35078K, committed 36288K, reserved 393216K
  class space    used 5008K, committed 5632K, reserved 327680K
}
Event: 13.522 GC heap before
{Heap before GC invocations=6 (full 0):
 garbage-first heap   total 262144K, used 33921K [0x00000000e0000000, 0x0000000100000000)
  region size 1024K, 8 young (8192K), 8 survivors (8192K)
 Metaspace       used 35396K, committed 36608K, reserved 393216K
  class space    used 5008K, committed 5632K, reserved 327680K
}
Event: 13.525 GC heap after
{Heap after GC invocations=7 (full 0):
 garbage-first heap   total 262144K, used 33921K [0x00000000e0000000, 0x0000000100000000)
  region size 1024K, 8 young (8192K), 8 survivors (8192K)
 Metaspace       used 35396K, committed 36608K, reserved 393216K
  class space    used 5008K, committed 5632K, reserved 327680K
}
Event: 15.228 GC heap before
{Heap before GC invocations=8 (full 0):
 garbage-first heap   total 262144K, used 183425K [0x00000000e0000000, 0x0000000100000000)
  region size 1024K, 153 young (156672K), 8 survivors (8192K)
 Metaspace       used 52246K, committed 53952K, reserved 393216K
  class space    used 7545K, committed 8384K, reserved 327680K
}
Event: 15.235 GC heap after
{Heap after GC invocations=9 (full 0):
 garbage-first heap   total 262144K, used 41387K [0x00000000e0000000, 0x0000000100000000)
  region size 1024K, 18 young (18432K), 18 survivors (18432K)
 Metaspace       used 52246K, committed 53952K, reserved 393216K
  class space    used 7545K, committed 8384K, reserved 327680K
}
Event: 19.092 GC heap before
{Heap before GC invocations=9 (full 0):
 garbage-first heap   total 262144K, used 167339K [0x00000000e0000000, 0x0000000100000000)
  region size 1024K, 141 young (144384K), 18 survivors (18432K)
 Metaspace       used 59381K, committed 61248K, reserved 393216K
  class space    used 8568K, committed 9472K, reserved 327680K
}
Event: 19.103 GC heap after
{Heap after GC invocations=10 (full 0):
 garbage-first heap   total 262144K, used 53676K [0x00000000e0000000, 0x0000000100000000)
  region size 1024K, 20 young (20480K), 20 survivors (20480K)
 Metaspace       used 59381K, committed 61248K, reserved 393216K
  class space    used 8568K, committed 9472K, reserved 327680K
}
Event: 19.138 GC heap before
{Heap before GC invocations=10 (full 0):
 garbage-first heap   total 262144K, used 61868K [0x00000000e0000000, 0x0000000100000000)
  region size 1024K, 29 young (29696K), 20 survivors (20480K)
 Metaspace       used 59671K, committed 61568K, reserved 393216K
  class space    used 8612K, committed 9536K, reserved 327680K
}
Event: 19.146 GC heap after
{Heap after GC invocations=11 (full 0):
 garbage-first heap   total 262144K, used 57644K [0x00000000e0000000, 0x0000000100000000)
  region size 1024K, 4 young (4096K), 4 survivors (4096K)
 Metaspace       used 59671K, committed 61568K, reserved 393216K
  class space    used 8612K, committed 9536K, reserved 327680K
}
Event: 22.468 GC heap before
{Heap before GC invocations=12 (full 0):
 garbage-first heap   total 310272K, used 308524K [0x00000000e0000000, 0x0000000100000000)
  region size 1024K, 163 young (166912K), 4 survivors (4096K)
 Metaspace       used 70639K, committed 72704K, reserved 393216K
  class space    used 9930K, committed 10944K, reserved 327680K
}

